 
 
RESULTS FROM POSTERIOR MAXIMIZATION
parameters
        prior mean     mode    s.d. t-stat prior pstdev

rhoA        0.500   0.8473  0.0401 21.1077 beta  0.2000
rhoG        0.500   0.5112  0.2827  1.8085 beta  0.2000
rhoMS       0.500   0.4998  0.2774  1.8013 beta  0.2000
phiX        2.000   5.0539  1.0418  4.8510 norm  1.5000
sigma_c     1.500   1.6320  0.3889  4.1963 norm  0.3750
hab         0.700   0.8718  0.0702 12.4207 beta  0.1000
xi          0.500   0.7484  0.0455 16.4405 beta  0.1000
gamp        0.500   0.1737  0.0835  2.0798 beta  0.1500
alpha_pie   2.000   2.1509  0.2255  9.5378 norm  0.2500
alpha_r     0.750   0.8288  0.0214 38.7795 beta  0.1000
alpha_y     0.125   0.1295  0.0482  2.6873 norm  0.0500
standard deviation of shocks
        prior mean     mode    s.d. t-stat prior pstdev

epsA        0.100   1.2052  0.3051  3.9505 invg  2.0000
epsG        0.500   0.2277  0.0868  2.6234 invg  2.0000
epsMPS      0.100   0.1429  0.0124 11.4945 invg  2.0000
epsMS       0.100   0.0461  0.0188  2.4518 invg  2.0000
epsAtrend   0.100   0.9815  0.0753 13.0331 invg  2.0000
 
Log data density [Laplace approximation] is -44.074543.
 
MH: Multiple chains mode.
MH: Old _mh files successfully erased!
MH: Old metropolis.log file successfully erased!
MH: Creation of a new metropolis.log file.
MH: Searching for initial values...
MH: Initial values found!
 
MH: Old mh_history file successfully erased!
MH: Number of mh files                   : 22 per block.
MH: Total number of generated files      : 44.
MH: Total number of iterations           : 150000.
MH: average acceptation rate per chain   : 
    0.3197    0.3174

 
MCMC Diagnostics: Univariate convergence diagnostic, Brooks and Gelman (1998):
    Parameter 1...  Done! 
    Parameter 2...  Done! 
    Parameter 3...  Done! 
    Parameter 4...  Done! 
    Parameter 5...  Done! 
    Parameter 6...  Done! 
    Parameter 7...  Done! 
    Parameter 8...  Done! 
    Parameter 9...  Done! 
    Parameter 10...  Done! 
    Parameter 11...  Done! 
    Parameter 12...  Done! 
    Parameter 13...  Done! 
    Parameter 14...  Done! 
    Parameter 15...  Done! 
    Parameter 16...  Done! 
 
MH: Total number of Mh draws: 150000.
MH: Total number of generated Mh files: 22.
MH: I'll use mh-files 5 to 22.
MH: In mh-file number 5 i'll start at line 2220.
MH: Finally I keep 120000 draws.
 
MH: I'm computing the posterior mean and covariance...  Done!
 
MH: I'm computing the posterior log marginale density (modified harmonic mean)... 
MH: Modified harmonic mean estimator, done!
 
 
ESTIMATION RESULTS
 
Log data density is -44.294618.
 
parameters
            prior mean post. mean   conf. interval  prior     pstdev

rhoA           0.500     0.8315     0.7624   0.9031  beta      0.2000
rhoG           0.500     0.5243     0.1892   0.8503  beta      0.2000
rhoMS          0.500     0.5051     0.1690   0.8323  beta      0.2000
phiX           2.000     5.0800     3.3983   6.7202  norm      1.5000
sigma_c        1.500     1.6177     1.0014   2.2327  norm      0.3750
hab            0.700     0.8424     0.7351   0.9502  beta      0.1000
xi             0.500     0.7384     0.6640   0.8173  beta      0.1000
gamp           0.500     0.2277     0.0726   0.3813  beta      0.1500
alpha_pie      2.000     2.1697     1.8039   2.5367  norm      0.2500
alpha_r        0.750     0.8241     0.7873   0.8624  beta      0.1000
alpha_y        0.125     0.1291     0.0506   0.2095  norm      0.0500
 
standard deviation of shocks
            prior mean post. mean   conf. interval  prior     pstdev

epsA           0.100     1.3174     0.7731   1.8505  invg      2.0000
epsG           0.500     0.3453     0.1236   0.5849  invg      2.0000
epsMPS         0.100     0.1474     0.1254   0.1689  invg      2.0000
epsMS          0.100     0.1895     0.0198   0.5997  invg      2.0000
epsAtrend      0.100     0.9807     0.8537   1.1081  invg      2.0000
 
MODEL SUMMARY
 
  Number of variables:         88
  Number of stochastic shocks: 6
  Number of state variables:   19
  Number of jumpers:           16
  Number of static variables:  56


MATRIX OF COVARIANCE OF EXOGENOUS SHOCKS

Variables      epsA        epsG        epsMS       epsMPS      epsAtrend   epscapqual  
epsA            1.452583    0.000000    0.000000    0.000000    0.000000    0.000000
epsG            0.000000    0.051830    0.000000    0.000000    0.000000    0.000000
epsMS           0.000000    0.000000    0.002124    0.000000    0.000000    0.000000
epsMPS          0.000000    0.000000    0.000000    0.020434    0.000000    0.000000
epsAtrend       0.000000    0.000000    0.000000    0.000000    0.963249    0.000000
epscapqual      0.000000    0.000000    0.000000    0.000000    0.000000    0.000000
 
POLICY AND TRANSITION FUNCTIONS
                            dy              pinfobs         robs        
Constant                    0.460000        0.630000        1.314200
K(-1)                       0.002879       -0.009885       -0.003560
I(-1)                       1.134445        0.143083        0.083046
C(-1)                       1.087791        0.114855        0.071377
A(-1)                       0.073759       -0.136626       -0.052633
G(-1)                       0.691940        0.083013        0.032719
Rn(-1)                     -0.240388       -0.520760        0.619961
PIE(-1)                    -0.019321        0.125275        0.045618
YY(-1)                     -1.000000               0               0
MS(-1)                     -0.011142        0.034194        0.013513
KF(-1)                      0.000241        0.002764        0.000863
IF(-1)                      0.020187        0.073052       -0.000030
CF(-1)                      0.019616        0.055854       -0.005698
Delta(-1)                  -0.062349        0.224269        0.080957
capqual(-1)                 0.084931        0.058790        0.023283
epsA                       -0.087047        0.161240        0.062115
epsG                       -0.198443       -0.023808       -0.009383
epsMS                      -0.022294        0.068421        0.027039
epsMPS                     -0.293850       -0.636577        0.757841
epsAtrend                   0.555330       -0.015944       -0.006388
epscapqual                 -0.121330       -0.083986       -0.033261


THEORETICAL MOMENTS

VARIABLE    MEAN       STD. DEV.  VARIANCE   
dy             0.4600     0.5935     0.3522
pinfobs        0.6300     0.2886     0.0833
robs           1.3142     0.3050     0.0930
 


VARIANCE DECOMPOSITION (in percent)

             epsA        epsG        epsMS       epsMPS      epsAtrend   epscapqual  
dy              10.45        0.79        0.00        0.68       88.08        0.00
pinfobs         75.27        0.05        0.02       21.51        3.16        0.00
robs            74.25        0.02        0.01       17.86        7.86        0.00
 
CONDITIONAL VARIANCE DECOMPOSITION (in percent)
Period 1:
             epsA        epsG        epsMS       epsMPS      epsAtrend   epscapqual  
dy               3.53        0.65        0.00        0.57       95.25        0.00
pinfobs         81.51        0.06        0.02       17.87        0.53        0.00
robs            32.24        0.03        0.01       67.50        0.23        0.00
Period 4:
             epsA        epsG        epsMS       epsMPS      epsAtrend   epscapqual  
dy               8.65        0.81        0.00        0.60       89.93        0.00
pinfobs         77.24        0.04        0.01       22.19        0.51        0.00
robs            74.09        0.03        0.01       25.67        0.20        0.00
Period 10:
             epsA        epsG        epsMS       epsMPS      epsAtrend   epscapqual  
dy               9.16        0.80        0.00        0.69       89.35        0.00
pinfobs         76.16        0.05        0.02       21.90        1.88        0.00
robs            79.34        0.03        0.01       19.26        1.37        0.00
Period 100:
             epsA        epsG        epsMS       epsMPS      epsAtrend   epscapqual  
dy              10.45        0.79        0.00        0.68       88.08        0.00
pinfobs         75.27        0.05        0.02       21.51        3.16        0.00
robs            74.25        0.02        0.01       17.86        7.86        0.00
 


MATRIX OF CORRELATIONS

Variables    dy       pinfobs  robs     
dy            1.0000  -0.2430  -0.2396
pinfobs      -0.2430   1.0000   0.2736
robs         -0.2396   0.2736   1.0000
 


COEFFICIENTS OF AUTOCORRELATION

Order       1       2       3       4       5       6       7       8       9      10      
dy         0.2179  0.1721  0.1298  0.0937  0.0648  0.0427  0.0264  0.0148  0.0070  0.0021
pinfobs    0.6446  0.3275  0.1250  0.0112 -0.0450 -0.0665 -0.0685 -0.0605 -0.0484 -0.0354
robs       0.8670  0.7097  0.5566  0.4223  0.3123  0.2268  0.1632  0.1180  0.0873  0.0676
