
 
RESULTS FROM POSTERIOR MAXIMIZATION
parameters
         prior mean     mode    s.d. t-stat prior pstdev

rhoA         0.500   0.8161  0.0349 23.3559 beta  0.2000
rhoG         0.500   0.5419  0.3003  1.8044 beta  0.2000
rhoMS        0.500   0.5040  0.2782  1.8113 beta  0.2000
rhocapqual   0.500   0.9696  0.0109 88.9773 beta  0.2000
phiX         2.000   3.6341  0.8789  4.1346 norm  1.5000
sigma_c      1.500   1.9545  0.3453  5.6609 norm  0.3750
hab          0.700   0.5186  0.1147  4.5224 beta  0.1000
xi           0.500   0.5375  0.0550  9.7782 beta  0.1000
gamp         0.500   0.2806  0.1318  2.1281 beta  0.1500
alpha_pie    2.000   2.4860  0.1786 13.9181 norm  0.2500
alpha_r      0.750   0.7364  0.0345 21.3561 beta  0.1000
alpha_y      0.125   0.1453  0.0484  2.9999 norm  0.0500
standard deviation of shocks
         prior mean     mode    s.d. t-stat prior pstdev

epsA         0.100   0.3620  0.0550  6.5765 invg  2.0000
epsG         0.500   0.2314  0.0914  2.5312 invg  2.0000
epsMPS       0.100   0.1908  0.0228  8.3761 invg  2.0000
epsMS        0.100   0.0458  0.0185  2.4803 invg  2.0000
epsAtrend    0.100   0.9039  0.0764 11.8260 invg  2.0000
epscapqual   0.100   0.0655  0.0068  9.6548 invg  2.0000
 
Log data density [Laplace approximation] is -98.632459.
 
MH: Multiple chains mode.
MH: Old _mh files successfully erased!
MH: Old metropolis.log file successfully erased!
MH: Creation of a new metropolis.log file.
MH: Searching for initial values...
MH: Initial values found!
 
MH: Old mh_history file successfully erased!
MH: Number of mh files                   : 24 per block.
MH: Total number of generated files      : 48.
MH: Total number of iterations           : 150000.
MH: average acceptation rate per chain   : 
    0.2457    0.2531

 
MCMC Diagnostics: Univariate convergence diagnostic, Brooks and Gelman (1998):
    Parameter 1...  Done! 
    Parameter 2...  Done! 
    Parameter 3...  Done! 
    Parameter 4...  Done! 
    Parameter 5...  Done! 
    Parameter 6...  Done! 
    Parameter 7...  Done! 
    Parameter 8...  Done! 
    Parameter 9...  Done! 
    Parameter 10...  Done! 
    Parameter 11...  Done! 
    Parameter 12...  Done! 
    Parameter 13...  Done! 
    Parameter 14...  Done! 
    Parameter 15...  Done! 
    Parameter 16...  Done! 
    Parameter 17...  Done! 
    Parameter 18...  Done! 
 
MH: Total number of Mh draws: 150000.
MH: Total number of generated Mh files: 24.
MH: I'll use mh-files 5 to 24.
MH: In mh-file number 5 i'll start at line 5000.
MH: Finally I keep 120000 draws.
 
MH: I'm computing the posterior mean and covariance...  Done!
 
MH: I'm computing the posterior log marginale density (modified harmonic mean)... 
MH: Modified harmonic mean estimator, done!
 
 
ESTIMATION RESULTS
 
Log data density is -93.612833.
 
parameters
             prior mean post. mean   conf. interval  prior     pstdev

rhoA            0.500     0.7593     0.5287   0.9262  beta      0.2000
rhoG            0.500     0.9478     0.9066   0.9839  beta      0.2000
rhoMS           0.500     0.5228     0.1999   0.8530  beta      0.2000
rhocapqual      0.500     0.9667     0.9468   0.9861  beta      0.2000
phiX            2.000     3.6473     2.0677   5.2175  norm      1.5000
sigma_c         1.500     1.9606     1.3560   2.5905  norm      0.3750
hab             0.700     0.8806     0.7833   0.9826  beta      0.1000
xi              0.500     0.3655     0.2475   0.4735  beta      0.1000
gamp            0.500     0.3428     0.1283   0.5451  beta      0.1500
alpha_pie       2.000     2.4866     2.1683   2.8116  norm      0.2500
alpha_r         0.750     0.6556     0.5666   0.7420  beta      0.1000
alpha_y         0.125     0.1840     0.0924   0.2696  norm      0.0500
 
standard deviation of shocks
             prior mean post. mean   conf. interval  prior     pstdev

epsA            0.100     0.1777     0.0296   0.2846  invg      2.0000
epsG            0.500     2.1118     1.5272   2.7122  invg      2.0000
epsMPS          0.100     0.2266     0.1680   0.2825  invg      2.0000
epsMS           0.100     0.0746     0.0234   0.1273  invg      2.0000
epsAtrend       0.100     0.6503     0.4239   0.8626  invg      2.0000
epscapqual      0.100     0.0650     0.0536   0.0768  invg      2.0000
 
MODEL SUMMARY
 
  Number of variables:         105
  Number of stochastic shocks: 6
  Number of state variables:   22
  Number of jumpers:           14
  Number of static variables:  72


MATRIX OF COVARIANCE OF EXOGENOUS SHOCKS

Variables      epsA        epsG        epsMS       epsMPS      epsAtrend   epscapqual  
epsA            0.131010    0.000000    0.000000    0.000000    0.000000    0.000000
epsG            0.000000    0.053540    0.000000    0.000000    0.000000    0.000000
epsMS           0.000000    0.000000    0.002100    0.000000    0.000000    0.000000
epsMPS          0.000000    0.000000    0.000000    0.036401    0.000000    0.000000
epsAtrend       0.000000    0.000000    0.000000    0.000000    0.816947    0.000000
epscapqual      0.000000    0.000000    0.000000    0.000000    0.000000    0.004290
 
POLICY AND TRANSITION FUNCTIONS
                            dy              pinfobs         robs            rkn_obs     
Constant                    0.460000        0.630000        1.314200        2.195500
K(-1)                       0.024775       -0.012035       -0.006775       -0.037349
I(-1)                       0.886879        0.302192        0.237638       -1.001707
C(-1)                       0.635213        0.213549        0.168481       -0.219052
A(-1)                       0.347148       -0.348566       -0.226430        0.519294
G(-1)                       0.677766        0.249569        0.168084       -0.171895
Q(-1)                      -0.068148        0.016976        0.007955       -1.065772
PIE(-1)                    -0.065397        0.115324        0.072621       -0.060998
Rn(-1)                     -0.429473       -0.522480        0.365011       -1.479049
YY(-1)                     -1.000000               0               0               0
phi(-1)                    -0.034074        0.008488        0.003977       -0.032886
Delta(-1)                  -0.152103        0.293387        0.185454       -0.199136
MS(-1)                     -0.073979        0.081384        0.055034       -0.109743
KF(-1)                      0.001129        0.003466        0.001514        0.006093
IF(-1)                      0.036231        0.083377        0.014917        0.168397
CF(-1)                      0.015587        0.025511       -0.007885        0.062745
capqual(-1)                 1.253084        0.405314        0.303150        5.449835
epsA                       -0.425358        0.427095        0.277443       -0.636287
epsG                       -0.172530       -0.063530       -0.042787        0.043757
epsMS                      -0.146791        0.161484        0.109200       -0.217754
epsMPS                     -0.498303       -0.741845        0.491356       -1.945465
epsAtrend                   0.647145       -0.030558       -0.021829        0.218882
epscapqual                 -1.292411       -0.418035       -0.312665       -5.620875


THEORETICAL MOMENTS

VARIABLE    MEAN       STD. DEV.  VARIANCE   
dy             0.4600     0.6378     0.4068
pinfobs        0.6300     0.2704     0.0731
robs           1.3142     0.3126     0.0977
rkn_obs        2.1955     0.6862     0.4709
 


VARIANCE DECOMPOSITION (in percent)

             epsA        epsG        epsMS       epsMPS      epsAtrend   epscapqual  
dy               7.70        0.57        0.01        2.58       86.65        2.49
pinfobs         39.84        0.33        0.08       37.03        6.02       16.70
robs            40.53        0.24        0.05       10.27       13.21       35.70
rkn_obs         20.00        0.07        0.03       31.77       11.09       37.04
 
CONDITIONAL VARIANCE DECOMPOSITION (in percent)
Period 1:
             epsA        epsG        epsMS       epsMPS      epsAtrend   epscapqual  
dy               6.18        0.42        0.01        2.36       89.17        1.87
pinfobs         52.28        0.47        0.12       43.82        1.67        1.64
robs            50.92        0.49        0.13       44.38        1.97        2.12
rkn_obs         14.50        0.03        0.03       37.68       10.70       37.06
Period 4:
             epsA        epsG        epsMS       epsMPS      epsAtrend   epscapqual  
dy               7.11        0.57        0.01        2.61       87.63        2.06
pinfobs         49.39        0.41        0.10       44.30        2.83        2.97
robs            71.45        0.46        0.10       18.16        1.52        8.31
rkn_obs         20.87        0.08        0.04       35.85        9.66       33.50
Period 10:
             epsA        epsG        epsMS       epsMPS      epsAtrend   epscapqual  
dy               7.60        0.57        0.01        2.58       86.91        2.33
pinfobs         47.84        0.40        0.10       43.02        4.51        4.13
robs            59.74        0.35        0.08       13.97        6.68       19.19
rkn_obs         21.72        0.08        0.04       34.35        9.95       33.87
Period 100:
             epsA        epsG        epsMS       epsMPS      epsAtrend   epscapqual  
dy               7.71        0.57        0.01        2.58       86.67        2.47
pinfobs         41.54        0.34        0.09       38.32        6.18       13.52
robs            42.37        0.25        0.05       10.49       13.74       33.10
rkn_obs         20.29        0.07        0.03       32.16       11.23       36.22
 


MATRIX OF CORRELATIONS

Variables    dy       pinfobs  robs     rkn_obs  
dy            1.0000  -0.1353  -0.1410   0.5166
pinfobs      -0.1353   1.0000   0.4269   0.2613
robs         -0.1410   0.4269   1.0000   0.1471
rkn_obs       0.5166   0.2613   0.1471   1.0000
 


COEFFICIENTS OF AUTOCORRELATION

Order       1       2       3       4       5       6       7       8       9      10      
dy         0.1743  0.0842  0.0413  0.0237  0.0170  0.0144  0.0130  0.0121  0.0113  0.0105
pinfobs    0.5481  0.2778  0.1942  0.1845  0.1896  0.1924  0.1912  0.1878  0.1837  0.1794
robs       0.8509  0.7207  0.6260  0.5591  0.5098  0.4710  0.4389  0.4113  0.3871  0.3655
rkn_obs    0.0705  0.1071  0.1255  0.1330  0.1348  0.1338  0.1313  0.1279  0.1240  0.1196
