
 
RESULTS FROM POSTERIOR MAXIMIZATION
parameters
         prior mean     mode    s.d. t-stat prior pstdev

rhoA         0.500   0.8237  0.0399 20.6606 beta  0.2000
rhoG         0.500   0.6245  0.2701  2.3122 beta  0.2000
rhoMS        0.500   0.5170  0.2782  1.8583 beta  0.2000
rhocapqual   0.500   0.9576  0.0115 83.5210 beta  0.2000
phiX         2.000   2.6696  0.6089  4.3843 norm  1.5000
sigma_c      1.500   2.5754  0.2998  8.5915 norm  0.3750
hab          0.700   0.3335  0.0849  3.9282 beta  0.1000
xi           0.500   0.4282  0.0579  7.3942 beta  0.1000
gamp         0.500   0.3470  0.1530  2.2686 beta  0.1500
alpha_pie    2.000   2.6385  0.1735 15.2065 norm  0.2500
alpha_r      0.750   0.6867  0.0419 16.3815 beta  0.1000
alpha_y      0.125   0.1271  0.0482  2.6356 norm  0.0500
standard deviation of shocks
         prior mean     mode    s.d. t-stat prior pstdev

epsA         0.100   0.3381  0.0546  6.1866 invg  2.0000
epsG         0.500   0.2357  0.1022  2.3069 invg  2.0000
epsMPS       0.100   0.2242  0.0294  7.6184 invg  2.0000
epsMS        0.100   0.0454  0.0180  2.5263 invg  2.0000
epsAtrend    0.100   0.7836  0.0646 12.1278 invg  2.0000
epscapqual   0.100   0.0658  0.0064 10.2752 invg  2.0000
 
Log data density [Laplace approximation] is -132.238858.
 
MH: Multiple chains mode.
MH: Old _mh files successfully erased!
MH: Old metropolis.log file successfully erased!
MH: Creation of a new metropolis.log file.
MH: Searching for initial values...
MH: Initial values found!
 
MH: Old mh_history file successfully erased!
MH: Number of mh files                   : 24 per block.
MH: Total number of generated files      : 48.
MH: Total number of iterations           : 150000.
MH: average acceptation rate per chain   : 
    0.2495    0.2866

 
MCMC Diagnostics: Univariate convergence diagnostic, Brooks and Gelman (1998):
    Parameter 1...  Done! 
    Parameter 2...  Done! 
    Parameter 3...  Done! 
    Parameter 4...  Done! 
    Parameter 5...  Done! 
    Parameter 6...  Done! 
    Parameter 7...  Done! 
    Parameter 8...  Done! 
    Parameter 9...  Done! 
    Parameter 10...  Done! 
    Parameter 11...  Done! 
    Parameter 12...  Done! 
    Parameter 13...  Done! 
    Parameter 14...  Done! 
    Parameter 15...  Done! 
    Parameter 16...  Done! 
    Parameter 17...  Done! 
    Parameter 18...  Done! 
 
MH: Total number of Mh draws: 150000.
MH: Total number of generated Mh files: 24.
MH: I'll use mh-files 5 to 24.
MH: In mh-file number 5 i'll start at line 5000.
MH: Finally I keep 120000 draws.
 
MH: I'm computing the posterior mean and covariance...  Done!
 
MH: I'm computing the posterior log marginale density (modified harmonic mean)... 
MH: Modified harmonic mean estimator, done!
 
 
ESTIMATION RESULTS
 
Log data density is -127.338556.
 
parameters
             prior mean post. mean   conf. interval  prior     pstdev

rhoA            0.500     0.6839     0.4389   0.9317  beta      0.2000
rhoG            0.500     0.9299     0.8710   0.9918  beta      0.2000
rhoMS           0.500     0.5634     0.2418   0.8836  beta      0.2000
rhocapqual      0.500     0.9540     0.9347   0.9760  beta      0.2000
phiX            2.000     2.2024     1.2925   3.0584  norm      1.5000
sigma_c         1.500     2.3966     1.8800   2.9102  norm      0.3750
hab             0.700     0.7738     0.5668   0.9798  beta      0.1000
xi              0.500     0.3350     0.2419   0.4271  beta      0.1000
gamp            0.500     0.3699     0.1460   0.5954  beta      0.1500
alpha_pie       2.000     2.7220     2.4333   3.0254  norm      0.2500
alpha_r         0.750     0.6487     0.5682   0.7288  beta      0.1000
alpha_y         0.125     0.1520     0.0666   0.2356  norm      0.0500
 
standard deviation of shocks
             prior mean post. mean   conf. interval  prior     pstdev

epsA            0.100     0.0979     0.0212   0.2195  invg      2.0000
epsG            0.500     1.6710     1.2189   2.2248  invg      2.0000
epsMPS          0.100     0.2525     0.1947   0.3107  invg      2.0000
epsMS           0.100     0.0833     0.0227   0.1568  invg      2.0000
epsAtrend       0.100     0.6807     0.5750   0.7942  invg      2.0000
epscapqual      0.100     0.0665     0.0561   0.0772  invg      2.0000
 
MODEL SUMMARY
 
  Number of variables:         96
  Number of stochastic shocks: 6
  Number of state variables:   21
  Number of jumpers:           15
  Number of static variables:  63


MATRIX OF COVARIANCE OF EXOGENOUS SHOCKS

Variables      epsA        epsG        epsMS       epsMPS      epsAtrend   epscapqual  
epsA            0.114298    0.000000    0.000000    0.000000    0.000000    0.000000
epsG            0.000000    0.055536    0.000000    0.000000    0.000000    0.000000
epsMS           0.000000    0.000000    0.002058    0.000000    0.000000    0.000000
epsMPS          0.000000    0.000000    0.000000    0.050258    0.000000    0.000000
epsAtrend       0.000000    0.000000    0.000000    0.000000    0.614042    0.000000
epscapqual      0.000000    0.000000    0.000000    0.000000    0.000000    0.004334
 
POLICY AND TRANSITION FUNCTIONS
                            dy              pinfobs         robs            rkn_obs     
Constant                    0.460000        0.630000        1.314200        2.195500
K(-1)                       0.021375       -0.010607       -0.007800       -0.020936
I(-1)                       0.842568        0.484281        0.438649       -1.765921
C(-1)                       0.410720        0.234988        0.213039       -0.307165
A(-1)                       0.306910       -0.312722       -0.262515        0.897817
G(-1)                       0.698605        0.413883        0.349076       -0.720140
Q(-1)                              0               0               0       -1.000000
PIE(-1)                    -0.063179        0.099959        0.079745       -0.086896
Rn(-1)                     -0.272963       -0.428644        0.311076       -2.285002
YY(-1)                     -1.000000               0               0               0
S(-1)                       0.007137       -0.007306       -0.005708        0.089618
Dep(-1)                    -0.011126        0.009338        0.007214       -0.147520
Delta(-1)                  -0.137158        0.338033        0.273223       -0.401680
MS(-1)                     -0.099826        0.108054        0.091136       -0.205417
KF(-1)                      0.000672        0.002789        0.001322        0.007004
IF(-1)                      0.015254        0.048469        0.009527        0.134741
CF(-1)                      0.004495        0.009701       -0.004722        0.032632
capqual(-1)                 0.548982        0.448320        0.382984        6.756502
epsA                       -0.372589        0.379645        0.318694       -1.089951
epsG                       -0.159136       -0.094279       -0.079517        0.164042
epsMS                      -0.193078        0.208991        0.176270       -0.397305
epsMPS                     -0.326774       -0.696123        0.409704       -2.364324
epsAtrend                   0.709345       -0.045989       -0.038974        0.317609
epscapqual                 -0.573280       -0.468163       -0.399936       -7.055552


THEORETICAL MOMENTS

VARIABLE    MEAN       STD. DEV.  VARIANCE   
dy             0.4600     0.5921     0.3506
pinfobs        0.6300     0.2416     0.0584
robs           1.3142     0.3059     0.0936
rkn_obs        2.1955     0.9007     0.8112
 


VARIANCE DECOMPOSITION (in percent)

             epsA        epsG        epsMS       epsMPS      epsAtrend   epscapqual  
dy               6.35        0.60        0.03        1.67       90.26        1.09
pinfobs         30.54        0.91        0.17       50.53        6.34       11.51
robs            28.29        0.74        0.11       11.01       15.03       44.82
rkn_obs         23.56        0.33        0.06       37.59        9.21       29.26
 
CONDITIONAL VARIANCE DECOMPOSITION (in percent)
Period 1:
             epsA        epsG        epsMS       epsMPS      epsAtrend   epscapqual  
dy               4.76        0.42        0.02        1.61       92.75        0.43
pinfobs         37.73        1.13        0.21       55.78        2.97        2.18
robs            52.56        1.59        0.29       38.20        4.22        3.14
rkn_obs         19.50        0.21        0.05       40.35        8.90       30.99
Period 4:
             epsA        epsG        epsMS       epsMPS      epsAtrend   epscapqual  
dy               5.86        0.61        0.03        1.66       90.96        0.88
pinfobs         33.11        0.99        0.18       55.04        4.51        6.17
robs            55.57        1.47        0.21       18.77        4.13       19.85
rkn_obs         23.92        0.34        0.06       39.14        8.62       27.92
Period 10:
             epsA        epsG        epsMS       epsMPS      epsAtrend   epscapqual  
dy               6.23        0.61        0.03        1.66       90.47        1.01
pinfobs         31.59        0.95        0.17       52.34        5.43        9.51
robs            36.30        0.96        0.14       13.59        9.99       39.02
rkn_obs         24.12        0.34        0.06       38.51        8.65       28.33
Period 100:
             epsA        epsG        epsMS       epsMPS      epsAtrend   epscapqual  
dy               6.35        0.60        0.03        1.67       90.27        1.08
pinfobs         30.57        0.92        0.17       50.58        6.35       11.42
robs            28.41        0.74        0.11       11.06       15.09       44.59
rkn_obs         23.57        0.33        0.06       37.62        9.21       29.21
 


MATRIX OF CORRELATIONS

Variables    dy       pinfobs  robs     rkn_obs  
dy            1.0000  -0.1448  -0.1842   0.4371
pinfobs      -0.1448   1.0000   0.3232   0.1831
robs         -0.1842   0.3232   1.0000  -0.0874
rkn_obs       0.4371   0.1831  -0.0874   1.0000
 


COEFFICIENTS OF AUTOCORRELATION

Order       1       2       3       4       5       6       7       8       9      10      
dy         0.1690  0.0544  0.0189  0.0105  0.0079  0.0060  0.0044  0.0034  0.0028  0.0024
pinfobs    0.4122  0.1354  0.0897  0.0964  0.0974  0.0904  0.0813  0.0727  0.0650  0.0581
robs       0.8122  0.6700  0.5748  0.5055  0.4494  0.4016  0.3602  0.3239  0.2920  0.2634
rkn_obs   -0.0908 -0.0274  0.0073  0.0249  0.0344  0.0401  0.0432  0.0444  0.0442  0.0431
