
 
RESULTS FROM POSTERIOR MAXIMIZATION
parameters
         prior mean     mode    s.d. t-stat prior pstdev

rhoA         0.500   0.7960  0.0345 23.0666 beta  0.2000
rhoG         0.500   0.5634  0.2894  1.9465 beta  0.2000
rhoMS        0.500   0.5129  0.2772  1.8506 beta  0.2000
rhocapqual   0.500   0.9142  0.0222 41.1669 beta  0.2000
phiX         2.000   1.9808  1.1449  1.7301 norm  1.5000
sigma_c      1.500   1.5225  0.4881  3.1192 norm  0.3750
hab          0.700   0.5231  0.1733  3.0184 beta  0.1000
xi           0.500   0.4176  0.0500  8.3555 beta  0.1000
gamp         0.500   0.4848  0.1639  2.9576 beta  0.1500
alpha_pie    2.000   2.7097  0.1872 14.4710 norm  0.2500
alpha_r      0.750   0.6298  0.0522 12.0764 beta  0.1000
alpha_y      0.125   0.1415  0.0551  2.5687 norm  0.0500
standard deviation of shocks
         prior mean     mode    s.d. t-stat prior pstdev

epsA         0.100   0.5257  0.1282  4.1013 invg  2.0000
epsG         0.500   0.2313  0.0926  2.4989 invg  2.0000
epsMPS       0.100   0.2630  0.0387  6.7875 invg  2.0000
epsMS        0.100   0.0458  0.0185  2.4819 invg  2.0000
epsAtrend    0.100   0.8704  0.0846 10.2913 invg  2.0000
epscapqual   0.100   0.0939  0.0091 10.2651 invg  2.0000
 
Log data density [Laplace approximation] is -253.775570.
 
MH: Multiple chains mode.
MH: Old _mh files successfully erased!
MH: Old metropolis.log file successfully erased!
MH: Creation of a new metropolis.log file.
MH: Searching for initial values...
MH: Initial values found!
 
MH: Old mh_history file successfully erased!
MH: Number of mh files                   : 24 per block.
MH: Total number of generated files      : 48.
MH: Total number of iterations           : 150000.
MH: average acceptation rate per chain   : 
    0.2457    0.3231

 
MCMC Diagnostics: Univariate convergence diagnostic, Brooks and Gelman (1998):
    Parameter 1...  Done! 
    Parameter 2...  Done! 
    Parameter 3...  Done! 
    Parameter 4...  Done! 
    Parameter 5...  Done! 
    Parameter 6...  Done! 
    Parameter 7...  Done! 
    Parameter 8...  Done! 
    Parameter 9...  Done! 
    Parameter 10...  Done! 
    Parameter 11...  Done! 
    Parameter 12...  Done! 
    Parameter 13...  Done! 
    Parameter 14...  Done! 
    Parameter 15...  Done! 
    Parameter 16...  Done! 
    Parameter 17...  Done! 
    Parameter 18...  Done! 
 
MH: Total number of Mh draws: 150000.
MH: Total number of generated Mh files: 24.
MH: I'll use mh-files 5 to 24.
MH: In mh-file number 5 i'll start at line 5000.
MH: Finally I keep 120000 draws.
 
MH: I'm computing the posterior mean and covariance...  Done!
 
MH: I'm computing the posterior log marginale density (modified harmonic mean)... 
MH: The support of the weighting density function is not large enough...
MH: I increase the variance of this distribution.
MH: Let me try again.
MH: Let me try again.
MH: Let me try again.
MH: Let me try again.
MH: Let me try again.
MH: Let me try again.
MH: Let me try again.
MH: Modified harmonic mean estimator, done!
 
 
ESTIMATION RESULTS
 
Log data density is -251.341045.
 
parameters
             prior mean post. mean   conf. interval  prior     pstdev

rhoA            0.500     0.8325     0.7724   0.9150  beta      0.2000
rhoG            0.500     0.6747     0.3665   0.8908  beta      0.2000
rhoMS           0.500     0.5476     0.2379   0.7986  beta      0.2000
rhocapqual      0.500     0.9183     0.8818   0.9566  beta      0.2000
phiX            2.000     0.3290    -0.0236   1.7121  norm      1.5000
sigma_c         1.500     0.7400    -0.4849   1.9952  norm      0.3750
hab             0.700     0.7073     0.5310   0.9226  beta      0.1000
xi              0.500     0.1984     0.0913   0.3309  beta      0.1000
gamp            0.500     0.3986     0.1987   0.6258  beta      0.1500
alpha_pie       2.000     2.8692     2.1173   3.5898  norm      0.2500
alpha_r         0.750     0.4492     0.3740   0.5787  beta      0.1000
alpha_y         0.125     0.0603    -0.0317   0.1747  norm      0.0500
 
standard deviation of shocks
             prior mean post. mean   conf. interval  prior     pstdev

epsA            0.100     0.4952     0.1423   0.8617  invg      2.0000
epsG            0.500     1.5062     0.3395   2.8329  invg      2.0000
epsMPS          0.100     0.4052     0.2912   0.5580  invg      2.0000
epsMS           0.100     0.0647     0.0317   0.0780  invg      2.0000
epsAtrend       0.100     0.8814     0.5861   1.1762  invg      2.0000
epscapqual      0.100     0.1357     0.0945   0.1749  invg      2.0000
 
MODEL SUMMARY
 
  Number of variables:         104
  Number of stochastic shocks: 6
  Number of state variables:   23
  Number of jumpers:           19
  Number of static variables:  68


MATRIX OF COVARIANCE OF EXOGENOUS SHOCKS

Variables      epsA        epsG        epsMS       epsMPS      epsAtrend   epscapqual  
epsA            0.276318    0.000000    0.000000    0.000000    0.000000    0.000000
epsG            0.000000    0.053502    0.000000    0.000000    0.000000    0.000000
epsMS           0.000000    0.000000    0.002097    0.000000    0.000000    0.000000
epsMPS          0.000000    0.000000    0.000000    0.069167    0.000000    0.000000
epsAtrend       0.000000    0.000000    0.000000    0.000000    0.757539    0.000000
epscapqual      0.000000    0.000000    0.000000    0.000000    0.000000    0.008809
 
POLICY AND TRANSITION FUNCTIONS
                            dy              pinfobs         robs            rkn_obs     
Constant                    0.460000        0.630000        1.314200        2.195500
K(-1)                       0.062901        0.002481        0.006352        0.666030
I(-1)                       0.521649        0.150175        0.182587       -6.344472
C(-1)                       0.596619        0.202757        0.240000       -0.325120
A(-1)                       0.287130       -0.191835       -0.194291        1.268936
G(-1)                       0.664455        0.245348        0.251917       -0.050392
Rn(-1)                     -0.333883       -0.440815        0.159047       -4.224233
YY(-1)                     -1.000000               0               0               0
Delta(-1)                  -0.153265        0.235006        0.226399       -0.599788
MS(-1)                     -0.134070        0.083932        0.083632       -0.956627
KF(-1)                      0.001365        0.002699        0.001744        0.019445
IF(-1)                      0.046741        0.077494        0.025416        0.627432
CF(-1)                      0.022658        0.032067       -0.001539        0.290990
CE(-1)                      0.460910        0.153601        0.182316       -4.635766
RL(-1)                     -0.296609       -0.090005       -0.108451       -4.442673
L(-1)                      -0.199406       -0.060509       -0.072910       -2.986749
Q(-1)                              0               0               0       -1.000000
PIE(-1)                    -0.098415        0.122610        0.116962       -0.602617
capqual(-1)                 1.136801        0.527041        0.581028       14.771038
epsA                       -0.360712        0.240997        0.244082       -1.594126
epsG                       -0.167783       -0.061954       -0.063612        0.012725
epsMS                      -0.261374        0.163627        0.163043       -1.864974
epsMPS                     -0.537079       -0.709088        0.255840       -6.795042
epsAtrend                   0.671760       -0.026479       -0.028212        0.558542
epscapqual                 -1.243500       -0.576509       -0.635563      -16.157436


THEORETICAL MOMENTS

VARIABLE    MEAN       STD. DEV.  VARIANCE   
dy             0.4600     0.6591     0.4343
pinfobs        0.6300     0.2643     0.0698
robs           1.3142     0.3024     0.0914
rkn_obs        2.1955     3.4386    11.8241
 


VARIANCE DECOMPOSITION (in percent)

             epsA        epsG        epsMS       epsMPS      epsAtrend   epscapqual  
dy               9.78        0.50        0.04        6.00       80.34        3.34
pinfobs         25.93        0.32        0.09       58.04        5.37       10.25
robs            48.10        0.46        0.09        8.15       11.49       31.71
rkn_obs         11.97        0.00        0.12       51.41        3.67       32.82
 
CONDITIONAL VARIANCE DECOMPOSITION (in percent)
Period 1:
             epsA        epsG        epsMS       epsMPS      epsAtrend   epscapqual  
dy               8.70        0.36        0.03        4.83       82.77        3.30
pinfobs         29.42        0.38        0.10       63.76        0.97        5.37
robs            64.75        0.85        0.22       17.81        2.37       14.00
rkn_obs         10.91        0.00        0.11       49.60        3.67       35.71
Period 4:
             epsA        epsG        epsMS       epsMPS      epsAtrend   epscapqual  
dy               9.08        0.50        0.04        6.05       81.12        3.21
pinfobs         28.16        0.34        0.09       63.10        1.78        6.53
robs            63.58        0.63        0.13       11.14        1.71       22.81
rkn_obs         12.00        0.00        0.12       51.59        3.55       32.73
Period 10:
             epsA        epsG        epsMS       epsMPS      epsAtrend   epscapqual  
dy               9.72        0.50        0.04        6.02       80.47        3.26
pinfobs         27.68        0.34        0.09       62.03        2.96        6.89
robs            56.60        0.54        0.11        9.61        5.24       27.89
rkn_obs         11.99        0.00        0.12       51.52        3.58       32.78
Period 100:
             epsA        epsG        epsMS       epsMPS      epsAtrend   epscapqual  
dy               9.78        0.50        0.04        6.00       80.34        3.34
pinfobs         25.94        0.32        0.09       58.07        5.37       10.22
robs            48.15        0.46        0.09        8.16       11.49       31.65
rkn_obs         11.97        0.00        0.12       51.41        3.67       32.82
 


MATRIX OF CORRELATIONS

Variables    dy       pinfobs  robs     rkn_obs  
dy            1.0000  -0.0472  -0.2113   0.4124
pinfobs      -0.0472   1.0000   0.3863   0.2015
robs         -0.2113   0.3863   1.0000  -0.1311
rkn_obs       0.4124   0.2015  -0.1311   1.0000
 


COEFFICIENTS OF AUTOCORRELATION

Order       1       2       3       4       5       6       7       8       9      10      
dy         0.1191  0.0449  0.0157  0.0063  0.0040  0.0037  0.0040  0.0044  0.0047  0.0050
pinfobs    0.4112  0.1154  0.0608  0.0707  0.0788  0.0782  0.0739  0.0692  0.0648  0.0609
robs       0.7720  0.5831  0.4640  0.3894  0.3367  0.2953  0.2609  0.2315  0.2062  0.1841
rkn_obs   -0.4970  0.0048  0.0073  0.0064  0.0055  0.0048  0.0044  0.0040  0.0036  0.0033
